<?xml version="1.0" encoding="UTF-8"?>
<!-- Generated by org.testng.reporters.JUnitReportReporter -->
<testsuite hostname="Dinesh" failures="0" tests="1" name="Com.hrms.TestScripts.TC001" time="69.010" errors="0" timestamp="15 Mar 2024 05:58:38 GMT">
  <testcase classname="Com.hrms.TestScripts.TC001" name="Tc001" time="69.010"/>
</testsuite> <!-- Com.hrms.TestScripts.TC001 -->
